<?xml version="1.0" encoding="UTF-8"?>
<testsuite name="consult geoNames" tests="7" skipped="0" failures="0" errors="0" timestamp="2022-03-19T18:36:10" hostname="QV-4278" time="123.586">
  <properties/>
  <testcase name="test different consults #1" classname="consult geoNames" time="18.935"/>
  <testcase name="test different consults #2" classname="consult geoNames" time="17.047"/>
  <testcase name="test different consults #3" classname="consult geoNames" time="16.764"/>
  <testcase name="test different consults #4" classname="consult geoNames" time="17.936"/>
  <testcase name="test different consults #5" classname="consult geoNames" time="17.801"/>
  <testcase name="test different consults #6" classname="consult geoNames" time="16.027"/>
  <testcase name="test different consults #7" classname="consult geoNames" time="19.076"/>
  <system-out><![CDATA[]]></system-out>
  <system-err><![CDATA[[Test worker] INFO io.cucumber.core.plugin.SerenityReporter - Running feature from file:///D:/PROJECTOS/projectos-android/cosumeapi-test/src/test/resources/features/consult.feature
[Test worker] INFO  - 
  _____   ___   ___   _____     ___   _____     _     ___   _____   ___   ___  
 |_   _| | __| / __| |_   _|   / __| |_   _|   /_\   | _ \ |_   _| | __| |   \ 
   | |   | _|  \__ \   | |     \__ \   | |    / _ \  |   /   | |   | _|  | |) |
   |_|   |___| |___/   |_|     |___/   |_|   /_/ \_\ |_|_\   |_|   |___| |___/ 

test different consults(consult-geonames;test-different-consults)
--------------------------------------------------------------------------------
[Test worker] INFO  - 
  _____   ___   ___   _____     ___     _     ___   ___   ___   ___  
 |_   _| | __| / __| |_   _|   | _ \   /_\   / __| / __| | __| |   \ 
   | |   | _|  \__ \   | |     |  _/  / _ \  \__ \ \__ \ | _|  | |) |
   |_|   |___| |___/   |_|     |_|   /_/ \_\ |___/ |___/ |___| |___/ 

test different consults
----------------------------------------------------------------------
[Test worker] INFO io.cucumber.core.plugin.SerenityReporter - Running feature from file:///D:/PROJECTOS/projectos-android/cosumeapi-test/src/test/resources/features/consult.feature
[Test worker] INFO  - 
  _____   ___   ___   _____     ___     _     ___   ___   ___   ___  
 |_   _| | __| / __| |_   _|   | _ \   /_\   / __| / __| | __| |   \ 
   | |   | _|  \__ \   | |     |  _/  / _ \  \__ \ \__ \ | _|  | |) |
   |_|   |___| |___/   |_|     |_|   /_/ \_\ |___/ |___/ |___| |___/ 

test different consults
----------------------------------------------------------------------
[Test worker] INFO io.cucumber.core.plugin.SerenityReporter - Running feature from file:///D:/PROJECTOS/projectos-android/cosumeapi-test/src/test/resources/features/consult.feature
[Test worker] INFO io.cucumber.core.plugin.SerenityReporter - Running feature from file:///D:/PROJECTOS/projectos-android/cosumeapi-test/src/test/resources/features/consult.feature
[Test worker] INFO io.cucumber.core.plugin.SerenityReporter - Running feature from file:///D:/PROJECTOS/projectos-android/cosumeapi-test/src/test/resources/features/consult.feature
[Test worker] INFO io.cucumber.core.plugin.SerenityReporter - Running feature from file:///D:/PROJECTOS/projectos-android/cosumeapi-test/src/test/resources/features/consult.feature
[Test worker] INFO io.cucumber.core.plugin.SerenityReporter - Running feature from file:///D:/PROJECTOS/projectos-android/cosumeapi-test/src/test/resources/features/consult.feature
]]></system-err>
</testsuite>
